<?xml version="1.0" encoding="utf-8"?><testsuites name="pytest tests"><testsuite name="pytest" errors="0" failures="0" skipped="0" tests="27" time="2.889" timestamp="2026-04-22T17:03:54.611712+00:00" hostname="agent-env-ad6164b1-13b6-4df8-a427-5a3a9a91065c"><testcase classname="backend.tests.test_dd_api.TestPublicCatalog" name="test_root" time="0.205" /><testcase classname="backend.tests.test_dd_api.TestPublicCatalog" name="test_products_default" time="0.060" /><testcase classname="backend.tests.test_dd_api.TestPublicCatalog" name="test_products_sort[relevance]" time="0.065" /><testcase classname="backend.tests.test_dd_api.TestPublicCatalog" name="test_products_sort[price_asc]" time="0.059" /><testcase classname="backend.tests.test_dd_api.TestPublicCatalog" name="test_products_sort[price_desc]" time="0.066" /><testcase classname="backend.tests.test_dd_api.TestPublicCatalog" name="test_products_sort[name_asc]" time="0.059" /><testcase classname="backend.tests.test_dd_api.TestPublicCatalog" name="test_products_sort[newest]" time="0.060" /><testcase classname="backend.tests.test_dd_api.TestPublicCatalog" name="test_products_search" time="0.149" /><testcase classname="backend.tests.test_dd_api.TestPublicCatalog" name="test_products_pagination" time="0.131" /><testcase classname="backend.tests.test_dd_api.TestPublicCatalog" name="test_get_product_by_sku" time="0.145" /><testcase classname="backend.tests.test_dd_api.TestPublicCatalog" name="test_get_product_404" time="0.056" /><testcase classname="backend.tests.test_dd_api.TestPublicCatalog" name="test_categories" time="0.063" /><testcase classname="backend.tests.test_dd_api.TestAdminAuth" name="test_login_success" time="0.069" /><testcase classname="backend.tests.test_dd_api.TestAdminAuth" name="test_login_wrong" time="0.061" /><testcase classname="backend.tests.test_dd_api.TestAdminAuth" name="test_stats_no_token" time="0.068" /><testcase classname="backend.tests.test_dd_api.TestAdminAuth" name="test_stats_with_token" time="0.134" /><testcase classname="backend.tests.test_dd_api.TestAdminCrud" name="test_cleanup_pre" time="0.132" /><testcase classname="backend.tests.test_dd_api.TestAdminCrud" name="test_create_product" time="0.128" /><testcase classname="backend.tests.test_dd_api.TestAdminCrud" name="test_create_duplicate_409" time="0.059" /><testcase classname="backend.tests.test_dd_api.TestAdminCrud" name="test_update_product" time="0.111" /><testcase classname="backend.tests.test_dd_api.TestAdminCrud" name="test_update_no_token_401" time="0.053" /><testcase classname="backend.tests.test_dd_api.TestAdminCrud" name="test_update_404" time="0.056" /><testcase classname="backend.tests.test_dd_api.TestAdminCrud" name="test_delete_404" time="0.058" /><testcase classname="backend.tests.test_dd_api.TestAdminCrud" name="test_delete_product" time="0.118" /><testcase classname="backend.tests.test_dd_api.TestCsvUpload" name="test_upload_no_token" time="0.057" /><testcase classname="backend.tests.test_dd_api.TestCsvUpload" name="test_upload_small_csv" time="0.342" /><testcase classname="backend.tests.test_dd_api.TestCsvUpload" name="test_upload_empty_csv_400" time="0.056" /></testsuite></testsuites>