<?xml version="1.0" encoding="utf-8"?><testsuites name="pytest tests"><testsuite name="pytest" errors="0" failures="0" skipped="0" tests="14" time="2.384" timestamp="2026-04-26T15:25:37.479334+00:00" hostname="agent-env-a3762d86-ac9c-4853-a4f2-2a52483325fb"><testcase classname="backend.tests.test_dd_full" name="test_categories" time="0.031" /><testcase classname="backend.tests.test_dd_full" name="test_products_filters[params0]" time="0.069" /><testcase classname="backend.tests.test_dd_full" name="test_products_filters[params1]" time="0.050" /><testcase classname="backend.tests.test_dd_full" name="test_products_filters[params2]" time="0.066" /><testcase classname="backend.tests.test_dd_full" name="test_products_filters[params3]" time="0.082" /><testcase classname="backend.tests.test_dd_full" name="test_products_filters[params4]" time="0.054" /><testcase classname="backend.tests.test_dd_full" name="test_featured" time="0.119" /><testcase classname="backend.tests.test_dd_full" name="test_facets" time="0.092" /><testcase classname="backend.tests.test_dd_full" name="test_admin_login_ok" time="0.045" /><testcase classname="backend.tests.test_dd_full" name="test_admin_login_bad" time="0.044" /><testcase classname="backend.tests.test_dd_full" name="test_update_product_oferta_destacado" time="0.249" /><testcase classname="backend.tests.test_dd_full" name="test_image_add_remove" time="0.098" /><testcase classname="backend.tests.test_dd_full" name="test_extract_attributes" time="1.050" /><testcase classname="backend.tests.test_dd_full" name="test_admin_stats" time="0.081" /></testsuite></testsuites>