<?xml version="1.0" encoding="utf-8"?><testsuites name="pytest tests"><testsuite name="pytest" errors="0" failures="0" skipped="0" tests="22" time="3.261" timestamp="2026-04-23T17:36:50.850737+00:00" hostname="agent-env-ad6164b1-13b6-4df8-a427-5a3a9a91065c"><testcase classname="backend.tests.test_gallery_and_search.TestSearchSuggest" name="test_suggest_returns_items_with_required_fields" time="0.241" /><testcase classname="backend.tests.test_gallery_and_search.TestSearchSuggest" name="test_suggest_limit_respected" time="0.060" /><testcase classname="backend.tests.test_gallery_and_search.TestSearchSuggest" name="test_suggest_missing_q_returns_422" time="0.056" /><testcase classname="backend.tests.test_gallery_and_search.TestSearchSuggest" name="test_suggest_regex_special_chars_are_escaped" time="0.055" /><testcase classname="backend.tests.test_gallery_and_search.TestCleanTitles" name="test_clean_titles_requires_auth" time="0.055" /><testcase classname="backend.tests.test_gallery_and_search.TestCleanTitles" name="test_clean_titles_wrong_token_401" time="0.049" /><testcase classname="backend.tests.test_gallery_and_search.TestCleanTitles" name="test_clean_titles_with_token_returns_shape" time="0.129" /><testcase classname="backend.tests.test_gallery_and_search.TestCleanTitles" name="test_clean_titles_reverts_dirty_product" time="0.224" /><testcase classname="backend.tests.test_gallery_and_search.TestGallery" name="test_add_image_requires_auth" time="0.155" /><testcase classname="backend.tests.test_gallery_and_search.TestGallery" name="test_add_image_appends" time="0.150" /><testcase classname="backend.tests.test_gallery_and_search.TestGallery" name="test_add_image_replace_at_index" time="0.157" /><testcase classname="backend.tests.test_gallery_and_search.TestGallery" name="test_add_image_empty_url_400" time="0.289" /><testcase classname="backend.tests.test_gallery_and_search.TestGallery" name="test_add_image_unknown_sku_404" time="0.053" /><testcase classname="backend.tests.test_gallery_and_search.TestGallery" name="test_delete_image_out_of_range_400" time="0.157" /><testcase classname="backend.tests.test_gallery_and_search.TestGallery" name="test_delete_image_removes_and_resyncs_primary" time="0.197" /><testcase classname="backend.tests.test_gallery_and_search.TestGallery" name="test_delete_all_images_clears_primary" time="0.146" /><testcase classname="backend.tests.test_gallery_and_search.TestPutSyncsImagenes" name="test_put_imagenes_sets_imagen_to_first" time="0.147" /><testcase classname="backend.tests.test_gallery_and_search.TestPutSyncsImagenes" name="test_put_empty_imagenes_clears_primary" time="0.157" /><testcase classname="backend.tests.test_gallery_and_search.TestPutSyncsImagenes" name="test_put_imagen_only_mirrors_to_imagenes_zero" time="0.159" /><testcase classname="backend.tests.test_gallery_and_search.TestMigration" name="test_all_products_have_imagenes_array" time="0.192" /><testcase classname="backend.tests.test_gallery_and_search.TestCSVUploadGallery" name="test_csv_upsert_sets_imagenes_from_imagen" time="0.162" /><testcase classname="backend.tests.test_gallery_and_search.TestCSVUploadGallery" name="test_csv_no_image_gives_empty_imagenes" time="0.169" /></testsuite></testsuites>